<?xml version="1.0" encoding="UTF-8"?>
<testng-results skipped="0" failed="0" ignored="0" total="0" passed="0">
  <reporter-output>
  </reporter-output>
  <suite name="Test Suite for Calculator" duration-ms="0" started-at="2019-08-11T21:01:55 MSK" finished-at="2019-08-11T21:01:55 MSK">
    <groups>
    </groups>
  </suite> <!-- Test Suite for Calculator -->
  <suite name="Default Suite" duration-ms="0" started-at="2019-08-11T21:01:55 MSK" finished-at="2019-08-11T21:01:55 MSK">
    <groups>
    </groups>
  </suite> <!-- Default Suite -->
</testng-results>
